SF:lib\app\core\shared\failures\exceptions.dart
DA:4,4
DA:7,3
DA:11,4
DA:14,3
LF:4
LH:4
end_of_record
SF:lib\app\core\shared\value_objects\login_parameters_type.dart
DA:7,2
DA:10,2
DA:11,2
DA:12,2
DA:15,2
DA:16,4
DA:17,2
DA:19,2
DA:21,4
DA:22,2
DA:24,2
DA:29,2
DA:30,4
DA:34,2
DA:35,2
LF:15
LH:15
end_of_record
SF:lib\app\core\shared\failures\errors.dart
DA:4,0
DA:7,0
DA:14,0
DA:17,0
LF:4
LH:0
end_of_record
SF:lib\app\core\shared\failures\i_app_exception.dart
DA:4,4
LF:1
LH:1
end_of_record
SF:lib\app\core\types\either.dart
DA:7,0
DA:8,0
DA:11,0
DA:13,0
DA:16,0
DA:17,0
DA:20,0
DA:21,0
DA:24,0
DA:25,0
DA:38,1
DA:40,1
DA:42,2
DA:45,0
DA:47,0
DA:60,2
DA:62,1
DA:64,2
DA:67,0
DA:69,0
DA:73,2
DA:74,2
DA:75,2
DA:77,0
DA:82,3
LF:25
LH:10
end_of_record
SF:lib\app\modules\auth\submodules\login\domain\entities\login_entity.dart
DA:5,0
LF:1
LH:0
end_of_record
SF:lib\app\modules\auth\submodules\login\domain\types\params.dart
DA:5,1
LF:1
LH:1
end_of_record
SF:lib\app\modules\auth\submodules\login\domain\usecases\login_usecase.dart
DA:13,1
DA:16,1
DA:18,3
DA:19,1
DA:20,1
DA:21,3
DA:23,3
LF:7
LH:7
end_of_record
SF:lib\app\modules\auth\submodules\login\domain\repositories\login_repository.dart
DA:11,1
DA:14,1
DA:16,3
DA:17,1
DA:18,1
DA:19,0
DA:20,0
DA:21,0
DA:26,1
DA:27,1
DA:28,1
LF:11
LH:8
end_of_record
