SF:lib\app\core\shared\failures\forgot_password_failure.dart
DA:6,4
DA:13,2
DA:16,2
DA:20,0
DA:23,0
DA:27,2
DA:30,2
LF:7
LH:5
end_of_record
SF:lib\app\core\shared\services\auth\auth_service_firebase_impl.dart
DA:9,1
DA:12,1
DA:14,3
DA:15,1
DA:16,1
DA:17,1
DA:18,1
DA:20,1
DA:22,1
DA:23,1
DA:25,1
DA:29,1
DA:31,1
DA:37,0
DA:39,0
DA:41,0
DA:48,0
DA:50,0
DA:51,0
DA:52,0
DA:53,0
DA:54,0
DA:55,0
DA:57,0
DA:59,0
DA:60,0
DA:62,0
DA:64,0
DA:65,0
DA:67,0
DA:69,0
DA:70,0
DA:72,0
DA:75,0
DA:77,0
DA:84,0
DA:86,0
DA:87,0
DA:88,0
DA:89,0
DA:90,0
DA:91,0
DA:93,0
DA:95,0
DA:96,0
DA:98,0
DA:100,0
DA:101,0
DA:103,0
DA:105,0
DA:106,0
DA:108,0
DA:111,0
DA:113,0
LF:54
LH:13
end_of_record
SF:lib\app\core\shared\failures\exceptions.dart
DA:4,2
DA:7,1
DA:11,2
DA:14,1
LF:4
LH:4
end_of_record
SF:lib\app\core\shared\failures\i_app_exception.dart
DA:4,3
LF:1
LH:1
end_of_record
SF:lib\app\core\shared\services\auth\i_auth_service.dart
DA:9,0
DA:15,0
DA:25,0
LF:3
LH:0
end_of_record
SF:lib\app\core\types\either.dart
DA:7,0
DA:8,0
DA:11,0
DA:13,0
DA:16,0
DA:17,0
DA:20,0
DA:21,0
DA:24,0
DA:25,0
DA:38,4
DA:40,4
DA:42,8
DA:45,0
DA:47,0
DA:60,4
DA:62,2
DA:64,4
DA:67,0
DA:69,0
DA:73,4
DA:74,4
DA:75,8
DA:77,0
DA:82,5
LF:25
LH:10
end_of_record
SF:lib\app\modules\auth\submodules\forgot_password\infra\repositories\forgot_password_reporitory.dart
DA:9,1
DA:14,1
DA:16,3
DA:17,1
DA:18,1
DA:19,2
DA:20,1
DA:21,2
DA:23,3
LF:9
LH:9
end_of_record
SF:lib\app\modules\auth\submodules\forgot_password\domain\usecases\forgot_password_usecase_impl.dart
DA:8,0
DA:13,0
DA:14,0
DA:15,0
DA:17,0
DA:18,0
DA:20,0
LF:7
LH:0
end_of_record
SF:lib\app\modules\auth\submodules\forgot_password\presenter\ui\bloc\forgot_password_state.dart
DA:5,2
DA:6,2
DA:17,1
DA:19,1
DA:20,2
LF:5
LH:5
end_of_record
SF:lib\app\modules\auth\submodules\forgot_password\presenter\ui\bloc\forgot_password_bloc.dart
DA:15,6
DA:16,4
DA:19,2
DA:21,4
DA:23,8
DA:24,2
DA:25,1
DA:26,2
DA:28,1
DA:29,2
LF:10
LH:10
end_of_record
SF:lib\app\modules\auth\submodules\forgot_password\presenter\ui\bloc\forgot_password_event.dart
DA:8,2
LF:1
LH:1
end_of_record
SF:lib\app\modules\auth\submodules\login\domain\entities\login_entity.dart
DA:5,0
LF:1
LH:0
end_of_record
SF:lib\app\modules\auth\submodules\login\domain\types\params.dart
DA:5,0
LF:1
LH:0
end_of_record
SF:lib\app\modules\auth\submodules\login\domain\repositories\login_repository.dart
DA:11,1
DA:14,1
DA:16,3
DA:17,1
DA:18,1
DA:19,0
DA:20,0
DA:21,0
DA:26,1
DA:27,1
DA:28,1
LF:11
LH:8
end_of_record
SF:lib\app\core\shared\failures\errors.dart
DA:4,1
DA:7,0
DA:14,1
DA:17,0
LF:4
LH:2
end_of_record
SF:lib\app\modules\auth\submodules\login\domain\usecases\login_usecase.dart
DA:10,1
DA:13,1
DA:14,3
LF:3
LH:3
end_of_record
